E, [2017-03-30T19:59:13.514485 #19668] ERROR -- Kitchen: ------Exception-------
E, [2017-03-30T19:59:13.514485 #19668] ERROR -- Kitchen: Class: Kitchen::UserError
E, [2017-03-30T19:59:13.514485 #19668] ERROR -- Kitchen: Message: Kitchen YAML file C:/chef/chef-repo/cookbooks/.kitchen.yml does not exist.
E, [2017-03-30T19:59:13.514485 #19668] ERROR -- Kitchen: ----------------------
E, [2017-03-30T19:59:13.514485 #19668] ERROR -- Kitchen: ------Backtrace-------
E, [2017-03-30T19:59:13.514485 #19668] ERROR -- Kitchen: C:/opscode/chefdk/embedded/lib/ruby/gems/2.3.0/gems/test-kitchen-1.14.2/lib/kitchen/loader/yaml.rb:71:in `read'
E, [2017-03-30T19:59:13.514485 #19668] ERROR -- Kitchen: C:/opscode/chefdk/embedded/lib/ruby/gems/2.3.0/gems/test-kitchen-1.14.2/lib/kitchen/config.rb:152:in `data'
E, [2017-03-30T19:59:13.514987 #19668] ERROR -- Kitchen: C:/opscode/chefdk/embedded/lib/ruby/gems/2.3.0/gems/test-kitchen-1.14.2/lib/kitchen/config.rb:131:in `suites'
E, [2017-03-30T19:59:13.514987 #19668] ERROR -- Kitchen: C:/opscode/chefdk/embedded/lib/ruby/gems/2.3.0/gems/test-kitchen-1.14.2/lib/kitchen/config.rb:182:in `filter_instances'
E, [2017-03-30T19:59:13.514987 #19668] ERROR -- Kitchen: C:/opscode/chefdk/embedded/lib/ruby/gems/2.3.0/gems/test-kitchen-1.14.2/lib/kitchen/config.rb:141:in `build_instances'
E, [2017-03-30T19:59:13.514987 #19668] ERROR -- Kitchen: C:/opscode/chefdk/embedded/lib/ruby/gems/2.3.0/gems/test-kitchen-1.14.2/lib/kitchen/config.rb:117:in `instances'
E, [2017-03-30T19:59:13.514987 #19668] ERROR -- Kitchen: C:/opscode/chefdk/embedded/lib/ruby/gems/2.3.0/gems/test-kitchen-1.14.2/lib/kitchen/command.rb:112:in `filtered_instances'
E, [2017-03-30T19:59:13.514987 #19668] ERROR -- Kitchen: C:/opscode/chefdk/embedded/lib/ruby/gems/2.3.0/gems/test-kitchen-1.14.2/lib/kitchen/command.rb:142:in `parse_subcommand'
E, [2017-03-30T19:59:13.514987 #19668] ERROR -- Kitchen: C:/opscode/chefdk/embedded/lib/ruby/gems/2.3.0/gems/test-kitchen-1.14.2/lib/kitchen/command/list.rb:30:in `call'
E, [2017-03-30T19:59:13.514987 #19668] ERROR -- Kitchen: C:/opscode/chefdk/embedded/lib/ruby/gems/2.3.0/gems/test-kitchen-1.14.2/lib/kitchen/cli.rb:53:in `perform'
E, [2017-03-30T19:59:13.514987 #19668] ERROR -- Kitchen: C:/opscode/chefdk/embedded/lib/ruby/gems/2.3.0/gems/test-kitchen-1.14.2/lib/kitchen/cli.rb:121:in `list'
E, [2017-03-30T19:59:13.514987 #19668] ERROR -- Kitchen: C:/Users/Stian/.chefdk/gem/ruby/2.3.0/gems/thor-0.19.4/lib/thor/command.rb:27:in `run'
E, [2017-03-30T19:59:13.514987 #19668] ERROR -- Kitchen: C:/Users/Stian/.chefdk/gem/ruby/2.3.0/gems/thor-0.19.4/lib/thor/invocation.rb:126:in `invoke_command'
E, [2017-03-30T19:59:13.514987 #19668] ERROR -- Kitchen: C:/opscode/chefdk/embedded/lib/ruby/gems/2.3.0/gems/test-kitchen-1.14.2/lib/kitchen/cli.rb:334:in `invoke_task'
E, [2017-03-30T19:59:13.514987 #19668] ERROR -- Kitchen: C:/Users/Stian/.chefdk/gem/ruby/2.3.0/gems/thor-0.19.4/lib/thor.rb:369:in `dispatch'
E, [2017-03-30T19:59:13.514987 #19668] ERROR -- Kitchen: C:/Users/Stian/.chefdk/gem/ruby/2.3.0/gems/thor-0.19.4/lib/thor/base.rb:444:in `start'
E, [2017-03-30T19:59:13.514987 #19668] ERROR -- Kitchen: C:/opscode/chefdk/embedded/lib/ruby/gems/2.3.0/gems/test-kitchen-1.14.2/bin/kitchen:13:in `block in <top (required)>'
E, [2017-03-30T19:59:13.515488 #19668] ERROR -- Kitchen: C:/opscode/chefdk/embedded/lib/ruby/gems/2.3.0/gems/test-kitchen-1.14.2/lib/kitchen/errors.rb:171:in `with_friendly_errors'
E, [2017-03-30T19:59:13.515488 #19668] ERROR -- Kitchen: C:/opscode/chefdk/embedded/lib/ruby/gems/2.3.0/gems/test-kitchen-1.14.2/bin/kitchen:13:in `<top (required)>'
E, [2017-03-30T19:59:13.515488 #19668] ERROR -- Kitchen: c:/opscode/chefdk/embedded/bin/kitchen:22:in `load'
E, [2017-03-30T19:59:13.515488 #19668] ERROR -- Kitchen: c:/opscode/chefdk/embedded/bin/kitchen:22:in `<main>'
E, [2017-03-30T19:59:13.515488 #19668] ERROR -- Kitchen: ----End Backtrace-----
